Determining if the pthread_create exist failed with the following output:
Change Dir: /home/ojima/tactile/build/CMakeFiles/CMakeTmp

Run Build Command:"/usr/bin/make" "cmTC_479bf/fast"
/usr/bin/make -f CMakeFiles/cmTC_479bf.dir/build.make CMakeFiles/cmTC_479bf.dir/build
make[1]: ディレクトリ '/home/ojima/tactile/build/CMakeFiles/CMakeTmp' に入ります
Building C object CMakeFiles/cmTC_479bf.dir/CheckSymbolExists.c.o
/usr/bin/cc    -o CMakeFiles/cmTC_479bf.dir/CheckSymbolExists.c.o   -c /home/ojima/tactile/build/CMakeFiles/CMakeTmp/CheckSymbolExists.c
Linking C executable cmTC_479bf
/usr/bin/cmake -E cmake_link_script CMakeFiles/cmTC_479bf.dir/link.txt --verbose=1
/usr/bin/cc      -rdynamic CMakeFiles/cmTC_479bf.dir/CheckSymbolExists.c.o  -o cmTC_479bf 
CMakeFiles/cmTC_479bf.dir/CheckSymbolExists.c.o: 関数 `main' 内:
CheckSymbolExists.c:(.text+0x1b): `pthread_create' に対する定義されていない参照です
collect2: error: ld returned 1 exit status
CMakeFiles/cmTC_479bf.dir/build.make:97: recipe for target 'cmTC_479bf' failed
make[1]: *** [cmTC_479bf] Error 1
make[1]: ディレクトリ '/home/ojima/tactile/build/CMakeFiles/CMakeTmp' から出ます
Makefile:126: recipe for target 'cmTC_479bf/fast' failed
make: *** [cmTC_479bf/fast] Error 2

File /home/ojima/tactile/build/CMakeFiles/CMakeTmp/CheckSymbolExists.c:
/* */
#include <pthread.h>

int main(int argc, char** argv)
{
  (void)argv;
#ifndef pthread_create
  return ((int*)(&pthread_create))[argc];
#else
  (void)argc;
  return 0;
#endif
}

Determining if the function pthread_create exists in the pthreads failed with the following output:
Change Dir: /home/ojima/tactile/build/CMakeFiles/CMakeTmp

Run Build Command:"/usr/bin/make" "cmTC_d4938/fast"
/usr/bin/make -f CMakeFiles/cmTC_d4938.dir/build.make CMakeFiles/cmTC_d4938.dir/build
make[1]: ディレクトリ '/home/ojima/tactile/build/CMakeFiles/CMakeTmp' に入ります
Building C object CMakeFiles/cmTC_d4938.dir/CheckFunctionExists.c.o
/usr/bin/cc   -DCHECK_FUNCTION_EXISTS=pthread_create   -o CMakeFiles/cmTC_d4938.dir/CheckFunctionExists.c.o   -c /usr/share/cmake-3.10/Modules/CheckFunctionExists.c
Linking C executable cmTC_d4938
/usr/bin/cmake -E cmake_link_script CMakeFiles/cmTC_d4938.dir/link.txt --verbose=1
/usr/bin/cc  -DCHECK_FUNCTION_EXISTS=pthread_create    -rdynamic CMakeFiles/cmTC_d4938.dir/CheckFunctionExists.c.o  -o cmTC_d4938 -lpthreads 
/usr/bin/ld: -lpthreads が見つかりません
collect2: error: ld returned 1 exit status
CMakeFiles/cmTC_d4938.dir/build.make:97: recipe for target 'cmTC_d4938' failed
make[1]: *** [cmTC_d4938] Error 1
make[1]: ディレクトリ '/home/ojima/tactile/build/CMakeFiles/CMakeTmp' から出ます
Makefile:126: recipe for target 'cmTC_d4938/fast' failed
make: *** [cmTC_d4938/fast] Error 2


